::1 - - [12/Apr/2026 22:34:40] "GET /login.html HTTP/1.1" 200 -
::1 - - [12/Apr/2026 22:34:40] "GET /css/global.css HTTP/1.1" 304 -
::1 - - [12/Apr/2026 22:34:40] "GET /js/app.js HTTP/1.1" 200 -
::1 - - [12/Apr/2026 22:34:40] "GET /css/auth.css HTTP/1.1" 304 -
::1 - - [12/Apr/2026 22:34:40] "GET /js/auth.js HTTP/1.1" 200 -
::1 - - [12/Apr/2026 22:43:00] "GET /register.html HTTP/1.1" 200 -
::1 - - [12/Apr/2026 22:43:00] "GET /js/app.js HTTP/1.1" 304 -
::1 - - [12/Apr/2026 22:43:00] "GET /js/auth.js HTTP/1.1" 304 -
::1 - - [12/Apr/2026 22:52:02] "GET /register.html HTTP/1.1" 304 -
::1 - - [12/Apr/2026 22:52:02] "GET /css/global.css HTTP/1.1" 304 -
::1 - - [12/Apr/2026 22:52:02] "GET /css/auth.css HTTP/1.1" 304 -
::1 - - [12/Apr/2026 22:52:02] "GET /js/app.js HTTP/1.1" 304 -
::1 - - [12/Apr/2026 22:52:02] "GET /js/auth.js HTTP/1.1" 304 -
::1 - - [12/Apr/2026 22:53:22] code 404, message File not found
::1 - - [12/Apr/2026 22:53:22] "GET /.well-known/appspecific/com.chrome.devtools.json HTTP/1.1" 404 -
::1 - - [12/Apr/2026 23:15:05] "GET /register.html HTTP/1.1" 304 -
::1 - - [12/Apr/2026 23:15:05] "GET /css/auth.css HTTP/1.1" 304 -
::1 - - [12/Apr/2026 23:15:05] "GET /css/global.css HTTP/1.1" 304 -
::1 - - [12/Apr/2026 23:15:05] "GET /js/auth.js HTTP/1.1" 304 -
::1 - - [12/Apr/2026 23:15:05] "GET /js/app.js HTTP/1.1" 304 -
::1 - - [12/Apr/2026 23:25:14] "GET /login.html HTTP/1.1" 304 -
::1 - - [12/Apr/2026 23:25:14] "GET /js/auth.js HTTP/1.1" 304 -
::1 - - [12/Apr/2026 23:25:44] "GET /dashboard.html HTTP/1.1" 200 -
::1 - - [12/Apr/2026 23:25:44] "GET /css/dashboard.css HTTP/1.1" 200 -
::1 - - [12/Apr/2026 23:25:44] "GET /js/dashboard.js HTTP/1.1" 200 -
::1 - - [12/Apr/2026 23:25:44] "GET /js/app.js HTTP/1.1" 304 -
::1 - - [12/Apr/2026 23:25:50] "GET /dashboard.html HTTP/1.1" 304 -
::1 - - [12/Apr/2026 23:25:52] "GET /dashboard.html HTTP/1.1" 304 -
::1 - - [12/Apr/2026 23:25:58] code 404, message File not found
::1 - - [12/Apr/2026 23:25:58] "GET /.well-known/appspecific/com.chrome.devtools.json HTTP/1.1" 404 -
::1 - - [12/Apr/2026 23:26:03] "GET /dashboard.html HTTP/1.1" 304 -
::1 - - [12/Apr/2026 23:26:03] code 404, message File not found
::1 - - [12/Apr/2026 23:26:03] "GET /.well-known/appspecific/com.chrome.devtools.json HTTP/1.1" 404 -
::1 - - [12/Apr/2026 23:28:33] "GET /dashboard.html HTTP/1.1" 304 -
::1 - - [12/Apr/2026 23:28:33] code 404, message File not found
::1 - - [12/Apr/2026 23:28:33] "GET /.well-known/appspecific/com.chrome.devtools.json HTTP/1.1" 404 -
::1 - - [12/Apr/2026 23:28:43] "GET /requests.html HTTP/1.1" 200 -
::1 - - [12/Apr/2026 23:28:43] "GET /css/requests.css HTTP/1.1" 200 -
::1 - - [12/Apr/2026 23:28:43] "GET /js/requests.js HTTP/1.1" 200 -
::1 - - [12/Apr/2026 23:28:50] "GET /discovery.html HTTP/1.1" 200 -
::1 - - [12/Apr/2026 23:28:50] "GET /css/discovery.css HTTP/1.1" 200 -
::1 - - [12/Apr/2026 23:28:50] "GET /js/discovery.js HTTP/1.1" 200 -
::1 - - [12/Apr/2026 23:28:54] "GET /profile.html HTTP/1.1" 200 -
::1 - - [12/Apr/2026 23:28:54] "GET /css/profile.css HTTP/1.1" 200 -
::1 - - [12/Apr/2026 23:28:54] "GET /js/profile.js HTTP/1.1" 200 -
::1 - - [12/Apr/2026 23:31:45] "GET /login.html HTTP/1.1" 304 -
::1 - - [12/Apr/2026 23:31:45] "GET /css/global.css HTTP/1.1" 304 -
::1 - - [12/Apr/2026 23:31:45] "GET /css/auth.css HTTP/1.1" 304 -
::1 - - [12/Apr/2026 23:31:45] "GET /js/auth.js HTTP/1.1" 304 -
::1 - - [12/Apr/2026 23:31:45] "GET /js/app.js HTTP/1.1" 304 -
::1 - - [12/Apr/2026 23:31:47] code 404, message File not found
::1 - - [12/Apr/2026 23:31:47] "GET /favicon.ico HTTP/1.1" 404 -
::1 - - [12/Apr/2026 23:33:49] "GET /dashboard.html HTTP/1.1" 200 -
::1 - - [12/Apr/2026 23:33:49] "GET /css/dashboard.css HTTP/1.1" 200 -
::1 - - [12/Apr/2026 23:33:49] "GET /js/dashboard.js HTTP/1.1" 200 -
::1 - - [12/Apr/2026 23:34:36] "GET /discovery.html HTTP/1.1" 200 -
::1 - - [12/Apr/2026 23:34:36] "GET /css/discovery.css HTTP/1.1" 200 -
::1 - - [12/Apr/2026 23:34:36] "GET /js/discovery.js HTTP/1.1" 200 -
::1 - - [12/Apr/2026 23:34:55] "GET /profile.html HTTP/1.1" 200 -
::1 - - [12/Apr/2026 23:34:56] "GET /css/profile.css HTTP/1.1" 200 -
::1 - - [12/Apr/2026 23:34:56] "GET /js/profile.js HTTP/1.1" 200 -
::1 - - [12/Apr/2026 23:35:34] "GET /my-team.html HTTP/1.1" 200 -
::1 - - [12/Apr/2026 23:35:34] "GET /css/team.css HTTP/1.1" 200 -
::1 - - [12/Apr/2026 23:35:34] "GET /js/team.js HTTP/1.1" 200 -
::1 - - [12/Apr/2026 23:35:56] "GET /requests.html HTTP/1.1" 200 -
::1 - - [12/Apr/2026 23:35:56] "GET /css/requests.css HTTP/1.1" 200 -
::1 - - [12/Apr/2026 23:35:56] "GET /js/requests.js HTTP/1.1" 200 -
::1 - - [12/Apr/2026 23:40:40] "GET /profile.html HTTP/1.1" 304 -
::1 - - [12/Apr/2026 23:40:40] "GET /css/global.css HTTP/1.1" 304 -
::1 - - [12/Apr/2026 23:40:40] "GET /js/app.js HTTP/1.1" 200 -
::1 - - [12/Apr/2026 23:40:48] "GET /profile.html HTTP/1.1" 304 -
::1 - - [12/Apr/2026 23:40:49] "GET /profile.html HTTP/1.1" 304 -
::1 - - [12/Apr/2026 23:40:49] "GET /profile.html HTTP/1.1" 304 -
::1 - - [12/Apr/2026 23:40:49] "GET /profile.html HTTP/1.1" 304 -
::1 - - [12/Apr/2026 23:40:50] "GET /profile.html HTTP/1.1" 304 -
::1 - - [12/Apr/2026 23:40:50] "GET /profile.html HTTP/1.1" 304 -
::1 - - [12/Apr/2026 23:40:51] "GET /profile.html HTTP/1.1" 304 -
::1 - - [12/Apr/2026 23:40:52] "GET /profile.html HTTP/1.1" 304 -
::1 - - [12/Apr/2026 23:40:52] "GET /profile.html HTTP/1.1" 304 -
::1 - - [12/Apr/2026 23:40:53] "GET /profile.html HTTP/1.1" 304 -
::1 - - [12/Apr/2026 23:40:53] "GET /profile.html HTTP/1.1" 304 -
::1 - - [12/Apr/2026 23:40:53] "GET /profile.html HTTP/1.1" 304 -
::1 - - [12/Apr/2026 23:40:53] "GET /profile.html HTTP/1.1" 304 -
::1 - - [12/Apr/2026 23:40:53] "GET /profile.html HTTP/1.1" 304 -
::1 - - [13/Apr/2026 00:00:04] "GET /profile.html HTTP/1.1" 200 -
::1 - - [13/Apr/2026 00:00:04] "GET /css/dashboard.css HTTP/1.1" 304 -
::1 - - [13/Apr/2026 00:00:04] "GET /css/profile.css HTTP/1.1" 304 -
::1 - - [13/Apr/2026 00:00:04] "GET /js/app.js HTTP/1.1" 200 -
::1 - - [13/Apr/2026 00:00:04] "GET /js/profile.js HTTP/1.1" 200 -
::1 - - [13/Apr/2026 00:00:11] "GET /dashboard.html HTTP/1.1" 200 -
::1 - - [13/Apr/2026 00:00:11] "GET /js/dashboard.js HTTP/1.1" 200 -
::1 - - [13/Apr/2026 00:00:15] "GET /discovery.html HTTP/1.1" 200 -
::1 - - [13/Apr/2026 00:00:15] "GET /css/discovery.css HTTP/1.1" 304 -
::1 - - [13/Apr/2026 00:00:15] "GET /js/discovery.js HTTP/1.1" 200 -
::1 - - [13/Apr/2026 00:00:18] "GET /requests.html HTTP/1.1" 200 -
::1 - - [13/Apr/2026 00:00:18] "GET /css/requests.css HTTP/1.1" 304 -
::1 - - [13/Apr/2026 00:00:18] "GET /js/requests.js HTTP/1.1" 200 -
::1 - - [13/Apr/2026 00:01:13] "GET /ratings.html HTTP/1.1" 200 -
::1 - - [13/Apr/2026 00:01:13] "GET /css/ratings.css HTTP/1.1" 200 -
::1 - - [13/Apr/2026 00:01:13] "GET /js/ratings.js HTTP/1.1" 200 -
::1 - - [13/Apr/2026 00:01:13] "GET /js/app.js HTTP/1.1" 304 -
::1 - - [13/Apr/2026 00:01:15] "GET /js/profile.js HTTP/1.1" 304 -
::1 - - [13/Apr/2026 00:01:16] "GET /my-team.html HTTP/1.1" 200 -
::1 - - [13/Apr/2026 00:01:16] "GET /css/team.css HTTP/1.1" 200 -
::1 - - [13/Apr/2026 00:01:16] "GET /js/team.js HTTP/1.1" 200 -
::1 - - [13/Apr/2026 00:01:19] "GET /index.html HTTP/1.1" 200 -
::1 - - [13/Apr/2026 00:01:19] "GET /css/auth.css HTTP/1.1" 304 -
::1 - - [13/Apr/2026 00:01:19] "GET /hero.png HTTP/1.1" 304 -
::1 - - [13/Apr/2026 00:01:19] "GET /js/auth.js HTTP/1.1" 304 -
::1 - - [13/Apr/2026 00:01:21] "GET /login.html HTTP/1.1" 200 -
::1 - - [13/Apr/2026 00:01:31] "GET /js/dashboard.js HTTP/1.1" 304 -
::1 - - [13/Apr/2026 00:01:51] "GET /js/app.js HTTP/1.1" 304 -
::1 - - [13/Apr/2026 00:01:51] "GET /js/dashboard.js HTTP/1.1" 304 -
::1 - - [13/Apr/2026 00:02:00] "GET /dashboard.html HTTP/1.1" 304 -
::1 - - [13/Apr/2026 00:02:16] "GET /js/dashboard.js HTTP/1.1" 304 -
::1 - - [13/Apr/2026 00:02:24] "GET /discovery.html HTTP/1.1" 304 -
::1 - - [13/Apr/2026 00:02:24] "GET /js/discovery.js HTTP/1.1" 304 -
::1 - - [13/Apr/2026 00:02:27] "GET /js/dashboard.js HTTP/1.1" 304 -
::1 - - [13/Apr/2026 00:02:36] "GET /requests.html HTTP/1.1" 304 -
::1 - - [13/Apr/2026 00:02:36] "GET /js/app.js HTTP/1.1" 304 -
::1 - - [13/Apr/2026 00:02:36] "GET /js/requests.js HTTP/1.1" 304 -
::1 - - [13/Apr/2026 00:02:51] "GET /js/dashboard.js HTTP/1.1" 304 -
::1 - - [13/Apr/2026 00:03:01] "GET /profile.html HTTP/1.1" 304 -
::1 - - [13/Apr/2026 00:03:01] "GET /js/profile.js HTTP/1.1" 304 -
::1 - - [13/Apr/2026 00:03:17] "GET /profile.html HTTP/1.1" 304 -
::1 - - [13/Apr/2026 00:03:27] "GET /profile.html HTTP/1.1" 304 -
::1 - - [13/Apr/2026 00:03:27] "GET /js/app.js HTTP/1.1" 304 -
::1 - - [13/Apr/2026 00:03:31] "GET /profile.html HTTP/1.1" 304 -
::1 - - [13/Apr/2026 00:03:39] "GET /profile.html HTTP/1.1" 304 -
::1 - - [13/Apr/2026 00:03:39] "GET /css/global.css HTTP/1.1" 304 -
::1 - - [13/Apr/2026 00:12:55] "GET /index.html HTTP/1.1" 304 -
::1 - - [13/Apr/2026 00:12:55] "GET /js/app.js HTTP/1.1" 304 -
